TN:
SF:src/components/Forms/Button/index.tsx
FN:12,Button
FNF:1
FNH:1
FNDA:4,Button
DA:13,4
LF:1
LH:1
BRF:0
BRH:0
end_of_record
TN:
SF:src/components/Forms/CategorySelectButton/index.tsx
FN:11,CategorySelectButton
FNF:1
FNH:1
FNDA:2,CategorySelectButton
DA:12,2
LF:1
LH:1
BRF:0
BRH:0
end_of_record
TN:
SF:src/components/Forms/Input/index.tsx
FN:9,Input
FNF:1
FNH:1
FNDA:5,Input
DA:10,5
LF:1
LH:1
BRDA:9,0,0,4
BRF:1
BRH:1
end_of_record
TN:
SF:src/components/Forms/InputForm/index.tsx
FN:15,InputForm
FN:20,(anonymous_1)
FNF:2
FNH:2
FNDA:4,InputForm
FNDA:4,(anonymous_1)
DA:16,4
DA:21,4
LF:2
LH:2
BRDA:25,0,0,4
BRDA:25,0,1,0
BRF:2
BRH:1
end_of_record
TN:
SF:src/components/Forms/TransactionTypeButton/index.tsx
FN:18,TransactionTypeButton
FNF:1
FNH:1
FNDA:4,TransactionTypeButton
DA:7,1
DA:24,4
LF:2
LH:2
BRF:0
BRH:0
end_of_record
TN:
SF:src/components/HighlightCard/index.tsx
FN:26,HighlightCard
FNF:1
FNH:0
FNDA:0,HighlightCard
DA:20,0
DA:27,0
LF:2
LH:0
BRF:0
BRH:0
end_of_record
TN:
SF:src/components/HistoryCard/index.tsx
FN:13,HistoryCard
FNF:1
FNH:0
FNDA:0,HistoryCard
DA:14,0
LF:1
LH:0
BRF:0
BRH:0
end_of_record
TN:
SF:src/components/SignInSocialButton/index.tsx
FN:13,SignInSocialButton
FNF:1
FNH:0
FNDA:0,SignInSocialButton
DA:14,0
LF:1
LH:0
BRF:0
BRH:0
end_of_record
TN:
SF:src/components/TransactionCard/index.tsx
FN:27,TransactionCard
FN:28,(anonymous_1)
FNF:2
FNH:0
FNDA:0,TransactionCard
FNDA:0,(anonymous_1)
DA:28,0
DA:30,0
LF:2
LH:0
BRDA:35,0,0,0
BRDA:35,0,1,0
BRF:2
BRH:0
end_of_record
TN:
SF:src/hooks/auth.tsx
FN:43,AuthProvider
FN:49,signInWithGoogle
FN:79,signInWithApple
FN:104,signOut
FN:109,(anonymous_4)
FN:110,loadUserStorageData
FN:137,useAuth
FNF:7
FNH:5
FNDA:7,AuthProvider
FNDA:3,signInWithGoogle
FNDA:0,signInWithApple
FNDA:0,signOut
FNDA:3,(anonymous_4)
FNDA:3,loadUserStorageData
FNDA:9,useAuth
DA:13,2
DA:14,2
DA:41,2
DA:44,7
DA:45,7
DA:47,7
DA:50,3
DA:51,3
DA:52,3
DA:54,3
DA:56,3
DA:60,2
DA:61,1
DA:64,1
DA:65,1
DA:71,1
DA:72,1
DA:75,1
DA:80,0
DA:81,0
DA:87,0
DA:88,0
DA:89,0
DA:90,0
DA:96,0
DA:97,0
DA:100,0
DA:105,0
DA:106,0
DA:109,7
DA:111,3
DA:112,3
DA:113,0
DA:115,0
DA:117,3
DA:119,3
DA:122,7
DA:138,9
DA:139,9
LF:39
LH:26
BRDA:60,0,0,1
BRDA:60,0,1,1
BRDA:87,1,0,0
BRDA:87,1,1,0
BRDA:112,2,0,0
BRDA:112,2,1,3
BRF:6
BRH:3
end_of_record
TN:
SF:src/routes/app.routes.tsx
FN:14,AppRoutes
FN:32,(anonymous_1)
FN:45,(anonymous_2)
FN:54,(anonymous_3)
FNF:4
FNH:0
FNDA:0,AppRoutes
FNDA:0,(anonymous_1)
FNDA:0,(anonymous_2)
FNDA:0,(anonymous_3)
DA:12,0
DA:15,0
DA:33,0
DA:46,0
DA:55,0
LF:5
LH:0
BRDA:24,0,0,0
BRDA:24,0,1,0
BRF:2
BRH:0
end_of_record
TN:
SF:src/routes/auth.routes.tsx
FN:9,AuthRoutes
FNF:1
FNH:0
FNDA:0,AuthRoutes
DA:7,0
DA:10,0
LF:2
LH:0
BRF:0
BRH:0
end_of_record
TN:
SF:src/routes/index.tsx
FN:9,Routes
FNF:1
FNH:0
FNDA:0,Routes
DA:10,0
DA:12,0
LF:2
LH:0
BRDA:14,0,0,0
BRDA:14,0,1,0
BRF:2
BRH:0
end_of_record
TN:
SF:src/screens/CategorySelect/index.tsx
FN:30,CategorySelect
FN:36,handleCategorySelect
FN:49,(anonymous_2)
FN:50,(anonymous_3)
FN:52,(anonymous_4)
FN:59,(anonymous_5)
FNF:6
FNH:4
FNDA:2,CategorySelect
FNDA:0,handleCategorySelect
FNDA:12,(anonymous_2)
FNDA:12,(anonymous_3)
FNDA:0,(anonymous_4)
FNDA:10,(anonymous_5)
DA:37,0
DA:40,2
DA:49,12
DA:51,12
DA:52,0
DA:59,10
LF:6
LH:4
BRF:0
BRH:0
end_of_record
TN:
SF:src/screens/Dashboard/index.tsx
FN:47,Dashboard
FN:56,getLastData
FN:61,(anonymous_2)
FN:71,(anonymous_3)
FN:83,loadTransactions
FN:93,(anonymous_5)
FN:163,(anonymous_6)
FN:168,(anonymous_7)
FN:220,(anonymous_8)
FN:221,(anonymous_9)
FNF:10
FNH:0
FNDA:0,Dashboard
FNDA:0,getLastData
FNDA:0,(anonymous_2)
FNDA:0,(anonymous_3)
FNDA:0,loadTransactions
FNDA:0,(anonymous_5)
FNDA:0,(anonymous_6)
FNDA:0,(anonymous_7)
FNDA:0,(anonymous_8)
FNDA:0,(anonymous_9)
DA:48,0
DA:49,0
DA:50,0
DA:53,0
DA:60,0
DA:61,0
DA:64,0
DA:65,0
DA:68,0
DA:72,0
DA:77,0
DA:84,0
DA:85,0
DA:87,0
DA:89,0
DA:90,0
DA:92,0
DA:94,0
DA:95,0
DA:97,0
DA:100,0
DA:105,0
DA:110,0
DA:120,0
DA:122,0
DA:123,0
DA:125,0
DA:129,0
DA:131,0
DA:160,0
DA:163,0
DA:164,0
DA:167,0
DA:169,0
DA:173,0
DA:220,0
DA:221,0
LF:37
LH:0
BRDA:64,0,0,0
BRDA:64,0,1,0
BRDA:87,1,0,0
BRDA:87,1,1,0
BRDA:94,2,0,0
BRDA:94,2,1,0
BRDA:125,3,0,0
BRDA:125,3,1,0
BRDA:138,4,0,0
BRDA:138,4,1,0
BRDA:148,5,0,0
BRDA:148,5,1,0
BRDA:175,6,0,0
BRDA:175,6,1,0
BRF:14
BRH:0
end_of_record
TN:
SF:src/screens/Profile/index.tsx
FN:4,Profile
FN:15,(anonymous_1)
FNF:2
FNH:1
FNDA:3,Profile
FNDA:0,(anonymous_1)
DA:5,3
LF:1
LH:1
BRF:0
BRH:0
end_of_record
TN:
SF:src/screens/Register/index.tsx
FN:41,Register
FN:59,handleTransaction
FN:63,handleOpenSelectCategory
FN:66,handleCloseSelectCategory
FN:70,handleRegister
FN:133,(anonymous_5)
FN:139,(anonymous_6)
FNF:7
FNH:2
FNDA:2,Register
FNDA:0,handleTransaction
FNDA:1,handleOpenSelectCategory
FNDA:0,handleCloseSelectCategory
FNDA:0,handleRegister
FNDA:0,(anonymous_5)
FNDA:0,(anonymous_6)
DA:33,1
DA:42,2
DA:46,2
DA:47,2
DA:50,2
DA:57,2
DA:60,0
DA:64,1
DA:67,0
DA:71,0
DA:72,0
DA:74,0
DA:75,0
DA:77,0
DA:85,0
DA:86,0
DA:87,0
DA:88,0
DA:90,0
DA:92,0
DA:94,0
DA:95,0
DA:96,0
DA:100,0
DA:102,0
DA:103,0
DA:107,2
DA:133,0
DA:139,0
LF:29
LH:8
BRDA:71,0,0,0
BRDA:71,0,1,0
BRDA:74,1,0,0
BRDA:74,1,1,0
BRDA:88,2,0,0
BRDA:88,2,1,0
BRDA:121,3,0,2
BRDA:121,3,1,0
BRDA:128,4,0,2
BRDA:128,4,1,0
BRF:10
BRH:2
end_of_record
TN:
SF:src/screens/Resume/index.tsx
FN:40,Resume
FN:48,handleDateChange
FN:56,loadData
FN:63,(anonymous_3)
FN:69,(anonymous_4)
FN:77,(anonymous_5)
FN:80,(anonymous_6)
FN:108,(anonymous_7)
FN:125,(anonymous_8)
FN:131,(anonymous_9)
FN:137,(anonymous_10)
FN:157,(anonymous_11)
FNF:12
FNH:0
FNDA:0,Resume
FNDA:0,handleDateChange
FNDA:0,loadData
FNDA:0,(anonymous_3)
FNDA:0,(anonymous_4)
FNDA:0,(anonymous_5)
FNDA:0,(anonymous_6)
FNDA:0,(anonymous_7)
FNDA:0,(anonymous_8)
FNDA:0,(anonymous_9)
FNDA:0,(anonymous_10)
FNDA:0,(anonymous_11)
DA:41,0
DA:42,0
DA:43,0
DA:46,0
DA:49,0
DA:50,0
DA:52,0
DA:57,0
DA:58,0
DA:59,0
DA:60,0
DA:62,0
DA:64,0
DA:68,0
DA:70,0
DA:75,0
DA:77,0
DA:78,0
DA:80,0
DA:81,0
DA:82,0
DA:85,0
DA:86,0
DA:91,0
DA:93,0
DA:103,0
DA:104,0
DA:107,0
DA:109,0
DA:112,0
DA:125,0
DA:131,0
DA:137,0
DA:158,0
LF:34
LH:0
BRDA:49,0,0,0
BRDA:49,0,1,0
BRDA:60,1,0,0
BRDA:60,1,1,0
BRDA:64,2,0,0
BRDA:64,2,1,0
BRDA:64,2,2,0
BRDA:81,3,0,0
BRDA:81,3,1,0
BRDA:85,4,0,0
BRDA:85,4,1,0
BRDA:117,5,0,0
BRDA:117,5,1,0
BRF:13
BRH:0
end_of_record
TN:
SF:src/screens/SignIn/index.tsx
FN:23,SignIn
FN:27,handleSignInWithGoogle
FN:37,handleSignInWithApple
FNF:3
FNH:0
FNDA:0,SignIn
FNDA:0,handleSignInWithGoogle
FNDA:0,handleSignInWithApple
DA:24,0
DA:25,0
DA:28,0
DA:29,0
DA:30,0
DA:32,0
DA:33,0
DA:34,0
DA:38,0
DA:39,0
DA:40,0
DA:42,0
DA:43,0
DA:44,0
DA:48,0
LF:15
LH:0
BRDA:63,0,0,0
BRDA:63,0,1,0
BRDA:77,1,0,0
BRDA:77,1,1,0
BRF:4
BRH:0
end_of_record
